Start testing: Feb 19 06:55 UTC
----------------------------------------------------------
1/1 Testing: MyTest
1/1 Test: MyTest
Command: "/bin/bash" "-c" "./src/ch05_test"
Directory: /cpp-dev/build
"MyTest" start time: Feb 19 06:55 UTC
Output:
----------------------------------------------------------
Running main() from /tmp/src/googletest-release-1.12.0/googletest/src/gtest_main.cc
[==========] Running 16 tests from 5 test suites.
[----------] Global test environment set-up.
[----------] 2 tests from question_5
[ RUN      ] question_5.true_test

--- dp ---
   0 1 2 3 4 5 6 7 8 9 10 
1: 1 0 1 1 1 1 1 1 1 1 1 
2: 1 0 1 1 1 1 1 1 1 1 1 
3: 1 0 1 1 1 1 1 1 1 1 1 
4: 1 0 1 1 1 1 1 1 1 1 1 
[       OK ] question_5.true_test (0 ms)
[ RUN      ] question_5.false_test

--- dp ---
   0 1 2 3 4 5 6 7 8 9 10 11 12 13 
1: 1 0 0 1 0 0 1 0 0 1 0 0 1 0 
2: 1 0 0 1 0 0 1 0 0 1 0 0 1 0 
3: 1 0 0 1 0 0 1 0 0 1 0 0 1 0 
[       OK ] question_5.false_test (0 ms)
[----------] 2 tests from question_5 (0 ms total)

[----------] 4 tests from question_6
[ RUN      ] question_6.true_test

--- dp ---
   0 1 2 3 4 5 6 7 8 9 10 
0: 1 0 0 1 0 0 1 0 0 0 0 
1: 1 0 0 1 0 1 1 0 1 0 1 
2: 1 0 0 1 0 1 1 0 1 1 1 
3: 1 0 0 1 0 1 1 1 1 1 1 

--- count ---
   0 1 2 3 4 5 6 7 8 9 10 
0: 0 0 0 1 0 0 2 0 0 0 0 
1: 0 0 0 0 0 1 0 0 1 0 2 
2: 0 0 0 0 0 0 1 0 0 1 0 
3: 0 0 0 0 0 0 0 1 0 0 1 
[       OK ] question_6.true_test (0 ms)
[ RUN      ] question_6.false_test

--- dp ---
   0 1 2 3 4 5 6 7 8 9 10 
0: 1 0 0 1 0 0 1 0 0 0 0 
1: 1 0 0 1 0 1 1 0 1 0 0 
2: 1 0 0 1 0 1 1 0 1 1 0 
3: 1 0 0 1 0 1 1 0 1 1 0 

--- count ---
   0 1 2 3 4 5 6 7 8 9 10 
0: 0 0 0 1 0 0 2 0 0 0 0 
1: 0 0 0 0 0 1 0 0 1 0 0 
2: 0 0 0 0 0 0 1 0 0 1 0 
3: 0 0 0 0 0 0 0 0 0 0 0 
[       OK ] question_6.false_test (0 ms)
[ RUN      ] question_6.false_at_random_retest_1

--- dp ---
   0 1 2 3 4 5 6 7 8 9 10 11 12 13 
0: 1 0 0 0 0 0 0 0 0 0 0 0 0 0 
1: 1 0 0 0 1 0 0 0 1 0 0 0 1 0 
2: 1 0 0 0 1 0 0 0 1 0 0 0 1 0 
3: 1 0 0 0 1 1 0 0 1 1 1 0 1 1 

--- count ---
   0 1 2 3 4 5 6 7 8 9 10 11 12 13 
0: 0 0 0 0 0 0 0 0 0 0 0 0 0 0 
1: 0 0 0 0 1 0 0 0 2 0 0 0 3 0 
2: 0 0 0 0 0 0 0 0 0 0 0 0 0 0 
3: 0 0 0 0 0 1 0 0 0 1 2 0 0 1 
[       OK ] question_6.false_at_random_retest_1 (0 ms)
[ RUN      ] question_6.false_at_random_retest_2

--- dp ---
   0 1 2 3 4 5 6 7 8 9 10 11 12 13 14 15 16 17 18 19 20 
0: 1 0 0 0 0 0 0 0 0 0 0 0 1 0 0 0 0 0 0 0 0 
1: 1 0 0 0 1 0 0 0 1 0 0 0 1 0 0 0 1 0 0 0 1 
2: 1 0 0 0 1 0 0 0 1 1 0 0 1 1 0 0 1 1 1 0 1 

--- count ---
   0 1 2 3 4 5 6 7 8 9 10 11 12 13 14 15 16 17 18 19 20 
0: 0 0 0 0 0 0 0 0 0 0 0 0 1 0 0 0 0 0 0 0 0 
1: 0 0 0 0 1 0 0 0 2 0 0 0 0 0 0 0 1 0 0 0 2 
2: 0 0 0 0 0 0 0 0 0 1 0 0 0 1 0 0 0 1 2 0 0 
[       OK ] question_6.false_at_random_retest_2 (0 ms)
[----------] 4 tests from question_6 (0 ms total)

[----------] 3 tests from question_7
[ RUN      ] question_7.same_arguments_test
[       OK ] question_7.same_arguments_test (0 ms)
[ RUN      ] question_7.no_same_string_test
[       OK ] question_7.no_same_string_test (0 ms)
[ RUN      ] question_7.normal_case
[       OK ] question_7.normal_case (0 ms)
[----------] 3 tests from question_7 (0 ms total)

[----------] 3 tests from question_8
[ RUN      ] question_8.normal_case

--- average ---
  0  1  2  3  4  
0  0  0  0  0  0  
1  14  0  0  0  0  
2  9  4  0  0  0  
3  9  6.5  9  0  0  
4  8.5  6.66667  8  7  0  

--- dp ---
   1  
0  0  
1  14  
2  9  
3  9  
4  8.5  
[       OK ] question_8.normal_case (0 ms)
[ RUN      ] question_8.normal_case_2

--- average ---
  0  1  2  3  4  5  
0  0  0  0  0  0  0  
1  9  0  0  0  0  0  
2  5  1  0  0  0  0  
3  4  1.5  2  0  0  0  
4  3.75  2  2.5  3  0  0  
5  4.8  3.75  4.66667  6  9  0  

--- dp ---
   1  2  3  
0  0  0  0  
1  9  9  9  
2  5  10  10  
3  4  10.5  12  
4  3.75  11  13.5  
5  9  12.75  20  
[       OK ] question_8.normal_case_2 (0 ms)
[ RUN      ] question_8.normal_case_3

--- average ---
  0  1  2  3  4  5  6  7  8  
0  0  0  0  0  0  0  0  0  0  
1  11  0  0  0  0  0  0  0  0  
2  14.5  18  0  0  0  0  0  0  0  
3  12.6667  13.5  9  0  0  0  0  0  0  
4  14.5  15.6667  14.5  20  0  0  0  0  0  
5  12.4  12.75  11  12  4  0  0  0  0  
6  13.3333  13.8  12.75  14  11  18  0  0  0  
7  13.1429  13.5  12.6  13.5  11.3333  15  12  0  0  
8  13.25  13.5714  12.8333  13.6  12  14.6667  13  14  0  

--- dp ---
   1  2  3  
0  0  0  0  
1  11  11  11  
2  18  29  29  
3  13.5  27  38  
4  20  33.5  47  
5  12.75  29  40  
6  18  31  47  
7  15  31.3333  44.8333  
8  14.6667  32  45.5  
[       OK ] question_8.normal_case_3 (0 ms)
[----------] 3 tests from question_8 (0 ms total)

[----------] 4 tests from question_9
[ RUN      ] question_9.normal_case_1
/cpp-dev/src/ch05/chapter5_test.cpp:133: Failure
Expected equality of these values:
  190
  kResult
    Which is: 0
[  FAILED  ] question_9.normal_case_1 (0 ms)
[ RUN      ] question_9.normal_case_2
/cpp-dev/src/ch05/chapter5_test.cpp:141: Failure
Expected equality of these values:
  120
  kResult
    Which is: 0
[  FAILED  ] question_9.normal_case_2 (0 ms)
[ RUN      ] question_9.normal_case_3
/cpp-dev/src/ch05/chapter5_test.cpp:149: Failure
Expected equality of these values:
  5000000000
  kResult
    Which is: -1294967296
[  FAILED  ] question_9.normal_case_3 (0 ms)
[ RUN      ] question_9.normal_case_4
/cpp-dev/src/ch05/chapter5_test.cpp:157: Failure
Expected equality of these values:
  68
  kResult
    Which is: 0
[  FAILED  ] question_9.normal_case_4 (0 ms)
[----------] 4 tests from question_9 (0 ms total)

[----------] Global test environment tear-down
[==========] 16 tests from 5 test suites ran. (0 ms total)
[  PASSED  ] 12 tests.
[  FAILED  ] 4 tests, listed below:
[  FAILED  ] question_9.normal_case_1
[  FAILED  ] question_9.normal_case_2
[  FAILED  ] question_9.normal_case_3
[  FAILED  ] question_9.normal_case_4

 4 FAILED TESTS
<end of output>
Test time =   0.02 sec
----------------------------------------------------------
Test Failed.
"MyTest" end time: Feb 19 06:55 UTC
"MyTest" time elapsed: 00:00:00
----------------------------------------------------------

End testing: Feb 19 06:55 UTC
